0 info it worked if it ends with ok
1 verbose cli [ '/usr/local/Cellar/node/4.2.1/bin/node',
1 verbose cli   '/usr/local/bin/npm',
1 verbose cli   'start' ]
2 info using npm@3.3.9
3 info using node@v4.2.1
4 verbose run-script [ 'prestart', 'start', 'poststart' ]
5 info lifecycle phonebuzz@0.0.0~prestart: phonebuzz@0.0.0
6 silly lifecycle phonebuzz@0.0.0~prestart: no script for prestart, continuing
7 info lifecycle phonebuzz@0.0.0~start: phonebuzz@0.0.0
8 verbose lifecycle phonebuzz@0.0.0~start: unsafe-perm in lifecycle true
9 verbose lifecycle phonebuzz@0.0.0~start: PATH: /usr/local/lib/node_modules/npm/bin/node-gyp-bin:/Users/abrarmusa/projects/phonebuzz/node_modules/.bin:/Library/Frameworks/Python.framework/Versions/3.5/bin:/Applications/Zed.app/bin:/Users/abrarmusa/.rvm/gems/ruby-2.2.0/bin:/Users/abrarmusa/.rvm/gems/ruby-2.2.0@global/bin:/Users/abrarmusa/.rvm/rubies/ruby-2.2.0/bin:/usr/local/bin:/usr/bin:/bin:/usr/sbin:/sbin:/opt/X11/bin:/Users/abrarmusa/.rvm/bin
10 verbose lifecycle phonebuzz@0.0.0~start: CWD: /Users/abrarmusa/projects/phonebuzz
11 silly lifecycle phonebuzz@0.0.0~start: Args: [ '-c', 'node ./bin/www' ]
12 silly lifecycle phonebuzz@0.0.0~start: Returned: code: 1  signal: null
13 info lifecycle phonebuzz@0.0.0~start: Failed to exec start script
14 verbose stack Error: phonebuzz@0.0.0 start: `node ./bin/www`
14 verbose stack Exit status 1
14 verbose stack     at EventEmitter.<anonymous> (/usr/local/lib/node_modules/npm/lib/utils/lifecycle.js:233:16)
14 verbose stack     at emitTwo (events.js:87:13)
14 verbose stack     at EventEmitter.emit (events.js:172:7)
14 verbose stack     at ChildProcess.<anonymous> (/usr/local/lib/node_modules/npm/lib/utils/spawn.js:24:14)
14 verbose stack     at emitTwo (events.js:87:13)
14 verbose stack     at ChildProcess.emit (events.js:172:7)
14 verbose stack     at maybeClose (internal/child_process.js:818:16)
14 verbose stack     at Process.ChildProcess._handle.onexit (internal/child_process.js:211:5)
15 verbose pkgid phonebuzz@0.0.0
16 verbose cwd /Users/abrarmusa/projects/phonebuzz
17 error Darwin 15.0.0
18 error argv "/usr/local/Cellar/node/4.2.1/bin/node" "/usr/local/bin/npm" "start"
19 error node v4.2.1
20 error npm  v3.3.9
21 error code ELIFECYCLE
22 error phonebuzz@0.0.0 start: `node ./bin/www`
22 error Exit status 1
23 error Failed at the phonebuzz@0.0.0 start script 'node ./bin/www'.
23 error This is most likely a problem with the phonebuzz package,
23 error not with npm itself.
23 error Tell the author that this fails on your system:
23 error     node ./bin/www
23 error You can get their info via:
23 error     npm owner ls phonebuzz
23 error There is likely additional logging output above.
24 verbose exit [ 1, true ]
